This is pdfTeX, Version 3.141592653-2.6-1.40.22 (TeX Live 2022/dev/Debian) (preloaded format=etex 2025.1.25)  25 JAN 2025 02:36
entering extended mode
 restricted \write18 enabled.
 file:line:error style messages enabled.
 %&-line parsing enabled.
**\input ./manual.texi \input ./manual.texi
(./manual.texi (/usr/share/texmf/tex/texinfo/texinfo.tex
Loading texinfo [version 2021-04-25.21]:
\outerhsize=\dimen16
\outervsize=\dimen17
\topandbottommargin=\dimen18
\bindingoffset=\dimen19
\normaloffset=\dimen20
\txipagewidth=\dimen21
\txipageheight=\dimen22
\defaultoutput=\toks13
\headlinebox=\box16
\footlinebox=\box17
\savedtopmark=\toks14
\margin=\insert252
\EMsimple=\toks15
\groupbox=\box18
\groupinvalidhelp=\toks16
\mil=\dimen23
\exdentamount=\skip18
\inmarginspacing=\skip19
\centerpenalty=\count27
 pdf,
\tempnum=\count28
\lnkcount=\count29
\filename=\toks17
\filenamelength=\count30
\pgn=\count31
\toksA=\toks18
\toksB=\toks19
\toksC=\toks20
\toksD=\toks21
\boxA=\box19
\boxB=\box20
\countA=\count32
\pagecount=\count33
\romancount=\count34
\arabiccount=\count35
\nopdfimagehelp=\toks22
 fonts,
\textleading=\dimen24
\sffam=\fam8
\fontdepth=\count36
 glyphs,
\errorbox=\box21
 page headings,
\titlepagetopglue=\skip20
\titlepagebottomglue=\skip21
\evenheadline=\toks23
\oddheadline=\toks24
\evenchapheadline=\toks25
\oddchapheadline=\toks26
\evenfootline=\toks27
\oddfootline=\toks28

tables,
\tableindent=\dimen25
\itemindent=\dimen26
\itemmargin=\dimen27
\itemmax=\dimen28
\itemno=\count37
\colcount=\count38
\everytab=\toks29
 conditionals,
\doignorecount=\count39
 indexing,
\dummybox=\box22
\whatsitskip=\skip22
\whatsitpenalty=\count40
\entryrightmargin=\dimen29
\thinshrinkable=\skip23
\partialpage=\box23
\doublecolumnhsize=\dimen30
\balancedcolumns=\box24
 sectioning,
\unnumberedno=\count41
\chapno=\count42
\secno=\count43
\subsecno=\count44
\subsubsecno=\count45
\appendixno=\count46
\absseclevel=\count47
\secbase=\count48
\chapheadingskip=\skip24
\secheadingskip=\skip25
\subsecheadingskip=\skip26
 toc,
\tocfile=\write0
\contentsrightmargin=\skip27
\savepageno=\count49
\lastnegativepageno=\count50
\tocindent=\dimen31
 environments,
\lispnarrowing=\skip28
\envskipamount=\skip29
\lskip=\skip30
\rskip=\skip31
\circthick=\dimen32
\cartouter=\dimen33
\cartinner=\dimen34
\normbskip=\skip32
\normpskip=\skip33
\normlskip=\skip34
\nonfillparindent=\dimen35
\tabw=\dimen36
\verbbox=\box25
 defuns,
\defbodyindent=\skip35
\defargsindent=\skip36
\deflastargmargin=\skip37
\defunpenalty=\count51
\parencount=\count52
\brackcount=\count53
 macros,
\paramno=\count54
\macname=\toks30

cross references,
\auxfile=\write1
\savesfregister=\count55
\toprefbox=\box26
\printedrefnamebox=\box27
\infofilenamebox=\box28
\printedmanualbox=\box29
 insertions,
\footnoteno=\count56
\SAVEfootins=\box30
\SAVEmargin=\box31
\noepsfhelp=\toks31
 localization,
\nolanghelp=\toks32
\countUTFx=\count57
\countUTFy=\count58
\countUTFz=\count59
 formatting,
\defaultparindent=\dimen37

and turning on texinfo input format.) [1]
(/mnt/d/progsc/CPP3_BrickGame_v2.0-1/src/manual.toc) [-1] Chapter 1
\openout0 = `manual.toc'.


(/mnt/d/progsc/CPP3_BrickGame_v2.0-1/src/manual.aux)
\openout1 = `manual.aux'.


l.32: Unicode char @u8:К not defined for Texinfo
l.32: Unicode char @u8:л not defined for Texinfo
l.32: Unicode char @u8:а not defined for Texinfo
l.32: Unicode char @u8:с not defined for Texinfo
l.32: Unicode char @u8:с not defined for Texinfo
l.32: Unicode char @u8:г not defined for Texinfo
l.32: Unicode char @u8:л not defined for Texinfo
l.32: Unicode char @u8:а not defined for Texinfo
l.32: Unicode char @u8:в not defined for Texinfo
l.32: Unicode char @u8:н not defined for Texinfo
l.32: Unicode char @u8:о not defined for Texinfo
l.32: Unicode char @u8:г not defined for Texinfo
l.32: Unicode char @u8:о not defined for Texinfo
l.32: Unicode char @u8:м not defined for Texinfo
l.32: Unicode char @u8:е not defined for Texinfo
l.32: Unicode char @u8:н not defined for Texinfo
l.32: Unicode char @u8:ю not defined for Texinfo
l.34: Unicode char @u8:К not defined for Texinfo
l.34: Unicode char @u8:о not defined for Texinfo
l.34: Unicode char @u8:н not defined for Texinfo
l.34: Unicode char @u8:с not defined for Texinfo
l.34: Unicode char @u8:т not defined for Texinfo
l.34: Unicode char @u8:р not defined for Texinfo
l.34: Unicode char @u8:у not defined for Texinfo
l.34: Unicode char @u8:к not defined for Texinfo
l.34: Unicode char @u8:т not defined for Texinfo
l.34: Unicode char @u8:о not defined for Texinfo
l.34: Unicode char @u8:р not defined for Texinfo
l.34: Unicode char @u8:к not defined for Texinfo
l.34: Unicode char @u8:л not defined for Texinfo
l.34: Unicode char @u8:а not defined for Texinfo
l.34: Unicode char @u8:с not defined for Texinfo
l.34: Unicode char @u8:с not defined for Texinfo
l.34: Unicode char @u8:а not defined for Texinfo
l.34: Unicode char @u8:г not defined for Texinfo
l.34: Unicode char @u8:л not defined for Texinfo
l.34: Unicode char @u8:а not defined for Texinfo
l.34: Unicode char @u8:в not defined for Texinfo
l.34: Unicode char @u8:н not defined for Texinfo
l.34: Unicode char @u8:о not defined for Texinfo
l.34: Unicode char @u8:г not defined for Texinfo
l.34: Unicode char @u8:о not defined for Texinfo
l.34: Unicode char @u8:м not defined for Texinfo
l.34: Unicode char @u8:е not defined for Texinfo
l.34: Unicode char @u8:н not defined for Texinfo
l.34: Unicode char @u8:ю not defined for Texinfo
l.34: Unicode char @u8:в not defined for Texinfo
l.34: Unicode char @u8:н not defined for Texinfo
l.34: Unicode char @u8:е not defined for Texinfo
l.34: Unicode char @u8:м not defined for Texinfo
l.34: Unicode char @u8:с not defined for Texinfo
l.34: Unicode char @u8:о not defined for Texinfo
l.34: Unicode char @u8:з not defined for Texinfo
l.34: Unicode char @u8:д not defined for Texinfo
l.34: Unicode char @u8:а not defined for Texinfo
l.34: Unicode char @u8:ю not defined for Texinfo
l.34: Unicode char @u8:т not defined for Texinfo
l.34: Unicode char @u8:с not defined for Texinfo
l.34: Unicode char @u8:я not defined for Texinfo
l.34: Unicode char @u8:к not defined for Texinfo
l.34: Unicode char @u8:н not defined for Texinfo
l.34: Unicode char @u8:о not defined for Texinfo
l.34: Unicode char @u8:п not defined for Texinfo
l.34: Unicode char @u8:к not defined for Texinfo
l.34: Unicode char @u8:и not defined for Texinfo
l.34: Unicode char @u8:г not defined for Texinfo
l.34: Unicode char @u8:л not defined for Texinfo
l.34: Unicode char @u8:а not defined for Texinfo
l.34: Unicode char @u8:в not defined for Texinfo
l.34: Unicode char @u8:н not defined for Texinfo
l.34: Unicode char @u8:о not defined for Texinfo
l.34: Unicode char @u8:г not defined for Texinfo
l.34: Unicode char @u8:о not defined for Texinfo
l.34: Unicode char @u8:м not defined for Texinfo
l.34: Unicode char @u8:е not defined for Texinfo
l.34: Unicode char @u8:н not defined for Texinfo
l.34: Unicode char @u8:ю not defined for Texinfo
l.34: Unicode char @u8:в not defined for Texinfo
l.34: Unicode char @u8:и not defined for Texinfo
l.34: Unicode char @u8:д not defined for Texinfo
l.34: Unicode char @u8:ж not defined for Texinfo
l.34: Unicode char @u8:е not defined for Texinfo
l.34: Unicode char @u8:т not defined for Texinfo
l.34: Unicode char @u8:и not defined for Texinfo
l.34: Unicode char @u8:г not defined for Texinfo
l.34: Unicode char @u8:р not defined for Texinfo
l.34: Unicode char @u8:о not defined for Texinfo
l.34: Unicode char @u8:в not defined for Texinfo
l.34: Unicode char @u8:о not defined for Texinfo
l.34: Unicode char @u8:г not defined for Texinfo
l.34: Unicode char @u8:о not defined for Texinfo
l.34: Unicode char @u8:о not defined for Texinfo
l.34: Unicode char @u8:к not defined for Texinfo
l.34: Unicode char @u8:н not defined for Texinfo
l.34: Unicode char @u8:а not defined for Texinfo
l.34: Unicode char @u8:з not defined for Texinfo
l.34: Unicode char @u8:а not defined for Texinfo
l.34: Unicode char @u8:д not defined for Texinfo
l.34: Unicode char @u8:а not defined for Texinfo
l.34: Unicode char @u8:ё not defined for Texinfo
l.34: Unicode char @u8:т not defined for Texinfo
l.34: Unicode char @u8:с not defined for Texinfo
l.34: Unicode char @u8:я not defined for Texinfo
l.34: Unicode char @u8:р not defined for Texinfo
l.34: Unicode char @u8:а not defined for Texinfo
l.34: Unicode char @u8:з not defined for Texinfo
l.34: Unicode char @u8:м not defined for Texinfo
l.34: Unicode char @u8:е not defined for Texinfo
l.34: Unicode char @u8:р not defined for Texinfo
l.34: Unicode char @u8:о not defined for Texinfo
l.34: Unicode char @u8:к not defined for Texinfo
l.34: Unicode char @u8:н not defined for Texinfo
l.34: Unicode char @u8:а not defined for Texinfo
l.34: Unicode char @u8:и not defined for Texinfo
l.34: Unicode char @u8:у not defined for Texinfo
l.34: Unicode char @u8:с not defined for Texinfo
l.34: Unicode char @u8:т not defined for Texinfo
l.34: Unicode char @u8:а not defined for Texinfo
l.34: Unicode char @u8:н not defined for Texinfo
l.34: Unicode char @u8:о not defined for Texinfo
l.34: Unicode char @u8:в not defined for Texinfo
l.34: Unicode char @u8:к not defined for Texinfo
l.34: Unicode char @u8:а not defined for Texinfo
l.34: Unicode char @u8:е not defined for Texinfo
l.34: Unicode char @u8:г not defined for Texinfo
l.34: Unicode char @u8:о not defined for Texinfo
l.34: Unicode char @u8:в not defined for Texinfo
l.34: Unicode char @u8:ц not defined for Texinfo
l.34: Unicode char @u8:е not defined for Texinfo
l.34: Unicode char @u8:н not defined for Texinfo
l.34: Unicode char @u8:т not defined for Texinfo
l.34: Unicode char @u8:р not defined for Texinfo
l.34: Unicode char @u8:э not defined for Texinfo
l.34: Unicode char @u8:к not defined for Texinfo
l.34: Unicode char @u8:р not defined for Texinfo
l.34: Unicode char @u8:а not defined for Texinfo
l.34: Unicode char @u8:н not defined for Texinfo
l.34: Unicode char @u8:а not defined for Texinfo
Underfull \hbox (badness 10000) in paragraph at lines 34--35
[]@texttt MainWindowS21Snake(GameInfo_t *ptr_obj, Snake *ptr_snake, QWidget *pa
rent =

@hbox(7.60416+2.43333)x433.62
.@hbox(0.0+0.0)x15.0
.@texttt M
.@texttt a
.@texttt i
.@texttt n
.etc.

l.36: Unicode char @u8:У not defined for Texinfo
l.36: Unicode char @u8:с not defined for Texinfo
l.36: Unicode char @u8:т not defined for Texinfo
l.36: Unicode char @u8:а not defined for Texinfo
l.36: Unicode char @u8:н not defined for Texinfo
l.36: Unicode char @u8:о not defined for Texinfo
l.36: Unicode char @u8:в not defined for Texinfo
l.36: Unicode char @u8:к not defined for Texinfo
l.36: Unicode char @u8:а not defined for Texinfo
l.36: Unicode char @u8:л not defined for Texinfo
l.36: Unicode char @u8:о not defined for Texinfo
l.36: Unicode char @u8:г not defined for Texinfo
l.36: Unicode char @u8:о not defined for Texinfo
l.36: Unicode char @u8:ш not defined for Texinfo
l.36: Unicode char @u8:к not defined for Texinfo
l.36: Unicode char @u8:о not defined for Texinfo
l.36: Unicode char @u8:л not defined for Texinfo
l.36: Unicode char @u8:ы not defined for Texinfo
l.36: Unicode char @u8:в not defined for Texinfo
l.36: Unicode char @u8:л not defined for Texinfo
l.36: Unicode char @u8:е not defined for Texinfo
l.36: Unicode char @u8:в not defined for Texinfo
l.36: Unicode char @u8:о not defined for Texinfo
l.36: Unicode char @u8:м not defined for Texinfo
l.36: Unicode char @u8:в not defined for Texinfo
l.36: Unicode char @u8:е not defined for Texinfo
l.36: Unicode char @u8:р not defined for Texinfo
l.36: Unicode char @u8:х not defined for Texinfo
l.36: Unicode char @u8:н not defined for Texinfo
l.36: Unicode char @u8:е not defined for Texinfo
l.36: Unicode char @u8:м not defined for Texinfo
l.36: Unicode char @u8:у not defined for Texinfo
l.36: Unicode char @u8:г not defined for Texinfo
l.36: Unicode char @u8:л not defined for Texinfo
l.36: Unicode char @u8:у not defined for Texinfo
l.38: Unicode char @u8:З not defined for Texinfo
l.38: Unicode char @u8:а not defined for Texinfo
l.38: Unicode char @u8:к not defined for Texinfo
l.38: Unicode char @u8:р not defined for Texinfo
l.38: Unicode char @u8:ы not defined for Texinfo
l.38: Unicode char @u8:т not defined for Texinfo
l.38: Unicode char @u8:и not defined for Texinfo
l.38: Unicode char @u8:е not defined for Texinfo
l.38: Unicode char @u8:г not defined for Texinfo
l.38: Unicode char @u8:л not defined for Texinfo
l.38: Unicode char @u8:а not defined for Texinfo
l.38: Unicode char @u8:в not defined for Texinfo
l.38: Unicode char @u8:н not defined for Texinfo
l.38: Unicode char @u8:о not defined for Texinfo
l.38: Unicode char @u8:г not defined for Texinfo
l.38: Unicode char @u8:о not defined for Texinfo
l.38: Unicode char @u8:о not defined for Texinfo
l.38: Unicode char @u8:к not defined for Texinfo
l.38: Unicode char @u8:н not defined for Texinfo
l.38: Unicode char @u8:а not defined for Texinfo
l.38: Unicode char @u8:и not defined for Texinfo
l.38: Unicode char @u8:з not defined for Texinfo
l.38: Unicode char @u8:а not defined for Texinfo
l.38: Unicode char @u8:п not defined for Texinfo
l.38: Unicode char @u8:у not defined for Texinfo
l.38: Unicode char @u8:с not defined for Texinfo
l.38: Unicode char @u8:к not defined for Texinfo
l.38: Unicode char @u8:и not defined for Texinfo
l.38: Unicode char @u8:г not defined for Texinfo
l.38: Unicode char @u8:р not defined for Texinfo
l.38: Unicode char @u8:о not defined for Texinfo
l.38: Unicode char @u8:в not defined for Texinfo
l.38: Unicode char @u8:о not defined for Texinfo
l.38: Unicode char @u8:г not defined for Texinfo
l.38: Unicode char @u8:о not defined for Texinfo
l.38: Unicode char @u8:о not defined for Texinfo
l.38: Unicode char @u8:к not defined for Texinfo
l.38: Unicode char @u8:н not defined for Texinfo
l.38: Unicode char @u8:а not defined for Texinfo
l.38: Unicode char @u8:в not defined for Texinfo
l.38: Unicode char @u8:ц not defined for Texinfo
l.38: Unicode char @u8:е not defined for Texinfo
l.38: Unicode char @u8:н not defined for Texinfo
l.38: Unicode char @u8:т not defined for Texinfo
l.38: Unicode char @u8:р not defined for Texinfo
l.38: Unicode char @u8:е not defined for Texinfo
l.38: Unicode char @u8:э not defined for Texinfo
l.38: Unicode char @u8:к not defined for Texinfo
l.38: Unicode char @u8:р not defined for Texinfo
l.38: Unicode char @u8:а not defined for Texinfo
l.38: Unicode char @u8:н not defined for Texinfo
l.38: Unicode char @u8:а not defined for Texinfo
l.38: Unicode char @u8:в not defined for Texinfo
l.38: Unicode char @u8:к not defined for Texinfo
l.38: Unicode char @u8:л not defined for Texinfo
l.38: Unicode char @u8:ю not defined for Texinfo
l.38: Unicode char @u8:ч not defined for Texinfo
l.38: Unicode char @u8:е not defined for Texinfo
l.38: Unicode char @u8:н not defined for Texinfo
l.38: Unicode char @u8:и not defined for Texinfo
l.38: Unicode char @u8:е not defined for Texinfo
l.38: Unicode char @u8:т not defined for Texinfo
l.38: Unicode char @u8:а not defined for Texinfo
l.38: Unicode char @u8:й not defined for Texinfo
l.38: Unicode char @u8:м not defined for Texinfo
l.38: Unicode char @u8:е not defined for Texinfo
l.38: Unicode char @u8:р not defined for Texinfo
l.38: Unicode char @u8:а not defined for Texinfo
l.38: Unicode char @u8:д not defined for Texinfo
l.38: Unicode char @u8:л not defined for Texinfo
l.38: Unicode char @u8:я not defined for Texinfo
l.38: Unicode char @u8:о not defined for Texinfo
l.38: Unicode char @u8:б not defined for Texinfo
l.38: Unicode char @u8:н not defined for Texinfo
l.38: Unicode char @u8:о not defined for Texinfo
l.38: Unicode char @u8:в not defined for Texinfo
l.38: Unicode char @u8:л not defined for Texinfo
l.38: Unicode char @u8:е not defined for Texinfo
l.38: Unicode char @u8:н not defined for Texinfo
l.38: Unicode char @u8:и not defined for Texinfo
l.38: Unicode char @u8:я not defined for Texinfo
l.38: Unicode char @u8:и not defined for Texinfo
l.38: Unicode char @u8:н not defined for Texinfo
l.38: Unicode char @u8:т not defined for Texinfo
l.38: Unicode char @u8:е not defined for Texinfo
l.38: Unicode char @u8:р not defined for Texinfo
l.38: Unicode char @u8:ф not defined for Texinfo
l.38: Unicode char @u8:е not defined for Texinfo
l.38: Unicode char @u8:й not defined for Texinfo
l.38: Unicode char @u8:с not defined for Texinfo
l.38: Unicode char @u8:а not defined for Texinfo
l.40: Unicode char @u8:О not defined for Texinfo
l.40: Unicode char @u8:т not defined for Texinfo
l.40: Unicode char @u8:р not defined for Texinfo
l.40: Unicode char @u8:и not defined for Texinfo
l.40: Unicode char @u8:с not defined for Texinfo
l.40: Unicode char @u8:о not defined for Texinfo
l.40: Unicode char @u8:в not defined for Texinfo
l.40: Unicode char @u8:к not defined for Texinfo
l.40: Unicode char @u8:а not defined for Texinfo
l.40: Unicode char @u8:н not defined for Texinfo
l.40: Unicode char @u8:а not defined for Texinfo
l.40: Unicode char @u8:з not defined for Texinfo
l.40: Unicode char @u8:в not defined for Texinfo
l.40: Unicode char @u8:а not defined for Texinfo
l.40: Unicode char @u8:н not defined for Texinfo
l.40: Unicode char @u8:и not defined for Texinfo
l.40: Unicode char @u8:я not defined for Texinfo
l.40: Unicode char @u8:и not defined for Texinfo
l.40: Unicode char @u8:г not defined for Texinfo
l.40: Unicode char @u8:р not defined for Texinfo
l.40: Unicode char @u8:ы not defined for Texinfo
l.40: Unicode char @u8:в not defined for Texinfo
l.40: Unicode char @u8:з not defined for Texinfo
l.40: Unicode char @u8:а not defined for Texinfo
l.40: Unicode char @u8:в not defined for Texinfo
l.40: Unicode char @u8:и not defined for Texinfo
l.40: Unicode char @u8:с not defined for Texinfo
l.40: Unicode char @u8:и not defined for Texinfo
l.40: Unicode char @u8:м not defined for Texinfo
l.40: Unicode char @u8:о not defined for Texinfo
l.40: Unicode char @u8:с not defined for Texinfo
l.40: Unicode char @u8:т not defined for Texinfo
l.40: Unicode char @u8:и not defined for Texinfo
l.40: Unicode char @u8:о not defined for Texinfo
l.40: Unicode char @u8:т not defined for Texinfo
l.40: Unicode char @u8:к not defined for Texinfo
l.40: Unicode char @u8:о not defined for Texinfo
l.40: Unicode char @u8:м not defined for Texinfo
l.40: Unicode char @u8:п not defined for Texinfo
l.40: Unicode char @u8:и not defined for Texinfo
l.40: Unicode char @u8:л not defined for Texinfo
l.40: Unicode char @u8:я not defined for Texinfo
l.40: Unicode char @u8:ц not defined for Texinfo
l.40: Unicode char @u8:и not defined for Texinfo
l.40: Unicode char @u8:и not defined for Texinfo
l.42: Unicode char @u8:У not defined for Texinfo
l.42: Unicode char @u8:с not defined for Texinfo
l.42: Unicode char @u8:т not defined for Texinfo
l.42: Unicode char @u8:а not defined for Texinfo
l.42: Unicode char @u8:н not defined for Texinfo
l.42: Unicode char @u8:о not defined for Texinfo
l.42: Unicode char @u8:в not defined for Texinfo
l.42: Unicode char @u8:к not defined for Texinfo
l.42: Unicode char @u8:а not defined for Texinfo
l.42: Unicode char @u8:п not defined for Texinfo
l.42: Unicode char @u8:а not defined for Texinfo
l.42: Unicode char @u8:л not defined for Texinfo
l.42: Unicode char @u8:и not defined for Texinfo
l.42: Unicode char @u8:т not defined for Texinfo
l.42: Unicode char @u8:р not defined for Texinfo
l.42: Unicode char @u8:ы not defined for Texinfo
l.42: Unicode char @u8:д not defined for Texinfo
l.42: Unicode char @u8:л not defined for Texinfo
l.42: Unicode char @u8:я not defined for Texinfo
l.42: Unicode char @u8:г not defined for Texinfo
l.42: Unicode char @u8:л not defined for Texinfo
l.42: Unicode char @u8:а not defined for Texinfo
l.42: Unicode char @u8:в not defined for Texinfo
l.42: Unicode char @u8:н not defined for Texinfo
l.42: Unicode char @u8:о not defined for Texinfo
l.42: Unicode char @u8:г not defined for Texinfo
l.42: Unicode char @u8:о not defined for Texinfo
l.42: Unicode char @u8:о not defined for Texinfo
l.42: Unicode char @u8:к not defined for Texinfo
l.42: Unicode char @u8:н not defined for Texinfo
l.42: Unicode char @u8:а not defined for Texinfo
l.44: Unicode char @u8:У not defined for Texinfo
l.44: Unicode char @u8:с not defined for Texinfo
l.44: Unicode char @u8:т not defined for Texinfo
l.44: Unicode char @u8:а not defined for Texinfo
l.44: Unicode char @u8:н not defined for Texinfo
l.44: Unicode char @u8:о not defined for Texinfo
l.44: Unicode char @u8:в not defined for Texinfo
l.44: Unicode char @u8:к not defined for Texinfo
l.44: Unicode char @u8:а not defined for Texinfo
l.44: Unicode char @u8:д not defined for Texinfo
l.44: Unicode char @u8:л not defined for Texinfo
l.44: Unicode char @u8:я not defined for Texinfo
l.44: Unicode char @u8:к not defined for Texinfo
l.44: Unicode char @u8:н not defined for Texinfo
l.44: Unicode char @u8:о not defined for Texinfo
l.44: Unicode char @u8:п not defined for Texinfo
l.44: Unicode char @u8:о not defined for Texinfo
l.44: Unicode char @u8:к not defined for Texinfo
l.44: Unicode char @u8:и not defined for Texinfo
l.44: Unicode char @u8:к not defined for Texinfo
l.44: Unicode char @u8:о not defined for Texinfo
l.44: Unicode char @u8:н not defined for Texinfo
l.44: Unicode char @u8:к not defined for Texinfo
l.44: Unicode char @u8:и not defined for Texinfo
l.44: Unicode char @u8:с not defined for Texinfo
l.44: Unicode char @u8:л not defined for Texinfo
l.44: Unicode char @u8:о not defined for Texinfo
l.44: Unicode char @u8:т not defined for Texinfo
l.44: Unicode char @u8:ы not defined for Texinfo
l.44: Unicode char @u8:ш not defined for Texinfo
l.44: Unicode char @u8:р not defined for Texinfo
l.44: Unicode char @u8:и not defined for Texinfo
l.44: Unicode char @u8:ф not defined for Texinfo
l.44: Unicode char @u8:т not defined for Texinfo
l.44: Unicode char @u8:д not defined for Texinfo
l.44: Unicode char @u8:о not defined for Texinfo
l.44: Unicode char @u8:б not defined for Texinfo
l.44: Unicode char @u8:а not defined for Texinfo
l.44: Unicode char @u8:в not defined for Texinfo
l.44: Unicode char @u8:л not defined for Texinfo
l.44: Unicode char @u8:е not defined for Texinfo
l.44: Unicode char @u8:н not defined for Texinfo
l.44: Unicode char @u8:и not defined for Texinfo
l.44: Unicode char @u8:е not defined for Texinfo
l.44: Unicode char @u8:в not defined for Texinfo
l.46: Unicode char @u8:В not defined for Texinfo
l.46: Unicode char @u8:ы not defined for Texinfo
l.46: Unicode char @u8:в not defined for Texinfo
l.46: Unicode char @u8:о not defined for Texinfo
l.46: Unicode char @u8:д not defined for Texinfo
l.46: Unicode char @u8:с not defined for Texinfo
l.46: Unicode char @u8:о not defined for Texinfo
l.46: Unicode char @u8:т not defined for Texinfo
l.46: Unicode char @u8:о not defined for Texinfo
l.46: Unicode char @u8:б not defined for Texinfo
l.46: Unicode char @u8:р not defined for Texinfo
l.46: Unicode char @u8:а not defined for Texinfo
l.46: Unicode char @u8:ж not defined for Texinfo
l.46: Unicode char @u8:е not defined for Texinfo
l.46: Unicode char @u8:н not defined for Texinfo
l.46: Unicode char @u8:и not defined for Texinfo
l.46: Unicode char @u8:е not defined for Texinfo
l.46: Unicode char @u8:м not defined for Texinfo
l.46: Unicode char @u8:н not defined for Texinfo
l.46: Unicode char @u8:а not defined for Texinfo
l.46: Unicode char @u8:с not defined for Texinfo
l.46: Unicode char @u8:т not defined for Texinfo
l.46: Unicode char @u8:р not defined for Texinfo
l.46: Unicode char @u8:о not defined for Texinfo
l.46: Unicode char @u8:е not defined for Texinfo
l.46: Unicode char @u8:к not defined for Texinfo
l.46: Unicode char @u8:в not defined for Texinfo
l.46: Unicode char @u8:в not defined for Texinfo
l.46: Unicode char @u8:о not defined for Texinfo
l.46: Unicode char @u8:д not defined for Texinfo
l.46: Unicode char @u8:а not defined for Texinfo
l.48: Unicode char @u8:К not defined for Texinfo
l.48: Unicode char @u8:л not defined for Texinfo
l.48: Unicode char @u8:а not defined for Texinfo
l.48: Unicode char @u8:с not defined for Texinfo
l.48: Unicode char @u8:с not defined for Texinfo
l.48: Unicode char @u8:и not defined for Texinfo
l.48: Unicode char @u8:г not defined for Texinfo
l.48: Unicode char @u8:р not defined for Texinfo
l.48: Unicode char @u8:о not defined for Texinfo
l.48: Unicode char @u8:в not defined for Texinfo
l.48: Unicode char @u8:о not defined for Texinfo
l.48: Unicode char @u8:г not defined for Texinfo
l.48: Unicode char @u8:о not defined for Texinfo
l.48: Unicode char @u8:о not defined for Texinfo
l.48: Unicode char @u8:к not defined for Texinfo
l.48: Unicode char @u8:н not defined for Texinfo
l.48: Unicode char @u8:а not defined for Texinfo
l.50: Unicode char @u8:К not defined for Texinfo
l.50: Unicode char @u8:о not defined for Texinfo
l.50: Unicode char @u8:н not defined for Texinfo
l.50: Unicode char @u8:с not defined for Texinfo
l.50: Unicode char @u8:т not defined for Texinfo
l.50: Unicode char @u8:р not defined for Texinfo
l.50: Unicode char @u8:у not defined for Texinfo
l.50: Unicode char @u8:к not defined for Texinfo
l.50: Unicode char @u8:т not defined for Texinfo
l.50: Unicode char @u8:о not defined for Texinfo
l.50: Unicode char @u8:р not defined for Texinfo
l.50: Unicode char @u8:и not defined for Texinfo
l.50: Unicode char @u8:г not defined for Texinfo
l.50: Unicode char @u8:р not defined for Texinfo
l.50: Unicode char @u8:о not defined for Texinfo
l.50: Unicode char @u8:в not defined for Texinfo
l.50: Unicode char @u8:о not defined for Texinfo
l.50: Unicode char @u8:г not defined for Texinfo
l.50: Unicode char @u8:о not defined for Texinfo
l.50: Unicode char @u8:о not defined for Texinfo
l.50: Unicode char @u8:к not defined for Texinfo
l.50: Unicode char @u8:н not defined for Texinfo
l.50: Unicode char @u8:а not defined for Texinfo
l.50: Unicode char @u8:с not defined for Texinfo
l.50: Unicode char @u8:о not defined for Texinfo
l.50: Unicode char @u8:з not defined for Texinfo
l.50: Unicode char @u8:д not defined for Texinfo
l.50: Unicode char @u8:а not defined for Texinfo
l.50: Unicode char @u8:н not defined for Texinfo
l.50: Unicode char @u8:и not defined for Texinfo
l.50: Unicode char @u8:е not defined for Texinfo
l.50: Unicode char @u8:т not defined for Texinfo
l.50: Unicode char @u8:а not defined for Texinfo
l.50: Unicode char @u8:й not defined for Texinfo
l.50: Unicode char @u8:м not defined for Texinfo
l.50: Unicode char @u8:е not defined for Texinfo
l.50: Unicode char @u8:р not defined for Texinfo
l.50: Unicode char @u8:а not defined for Texinfo
l.50: Unicode char @u8:п not defined for Texinfo
l.50: Unicode char @u8:о not defined for Texinfo
l.50: Unicode char @u8:д not defined for Texinfo
l.50: Unicode char @u8:к not defined for Texinfo
l.50: Unicode char @u8:л not defined for Texinfo
l.50: Unicode char @u8:ю not defined for Texinfo
l.50: Unicode char @u8:ч not defined for Texinfo
l.50: Unicode char @u8:е not defined for Texinfo
l.50: Unicode char @u8:н not defined for Texinfo
l.50: Unicode char @u8:и not defined for Texinfo
l.50: Unicode char @u8:е not defined for Texinfo
l.50: Unicode char @u8:т not defined for Texinfo
l.50: Unicode char @u8:а not defined for Texinfo
l.50: Unicode char @u8:й not defined for Texinfo
l.50: Unicode char @u8:м not defined for Texinfo
l.50: Unicode char @u8:е not defined for Texinfo
l.50: Unicode char @u8:р not defined for Texinfo
l.50: Unicode char @u8:а not defined for Texinfo
l.50: Unicode char @u8:к not defined for Texinfo
l.50: Unicode char @u8:о not defined for Texinfo
l.50: Unicode char @u8:т not defined for Texinfo
l.50: Unicode char @u8:р not defined for Texinfo
l.50: Unicode char @u8:и not defined for Texinfo
l.50: Unicode char @u8:с not defined for Texinfo
l.50: Unicode char @u8:о not defined for Texinfo
l.50: Unicode char @u8:в not defined for Texinfo
l.50: Unicode char @u8:к not defined for Texinfo
l.50: Unicode char @u8:е not defined for Texinfo
l.50: Unicode char @u8:у not defined for Texinfo
l.50: Unicode char @u8:с not defined for Texinfo
l.50: Unicode char @u8:т not defined for Texinfo
l.50: Unicode char @u8:а not defined for Texinfo
l.50: Unicode char @u8:н not defined for Texinfo
l.50: Unicode char @u8:о not defined for Texinfo
l.50: Unicode char @u8:в not defined for Texinfo
l.50: Unicode char @u8:к not defined for Texinfo
l.50: Unicode char @u8:а not defined for Texinfo
l.50: Unicode char @u8:и not defined for Texinfo
l.50: Unicode char @u8:к not defined for Texinfo
l.50: Unicode char @u8:о not defined for Texinfo
l.50: Unicode char @u8:н not defined for Texinfo
l.50: Unicode char @u8:к not defined for Texinfo
l.50: Unicode char @u8:и not defined for Texinfo
l.50: Unicode char @u8:и not defined for Texinfo
l.50: Unicode char @u8:п not defined for Texinfo
l.50: Unicode char @u8:а not defined for Texinfo
l.50: Unicode char @u8:л not defined for Texinfo
l.50: Unicode char @u8:и not defined for Texinfo
l.50: Unicode char @u8:т not defined for Texinfo
l.50: Unicode char @u8:р not defined for Texinfo
l.50: Unicode char @u8:ы not defined for Texinfo
Underfull \hbox (badness 10000) in paragraph at lines 50--51
[]@texttt game_window(Snake *snake_t, GameInfo_t *ptr_obj, QWidget *parent = nu
llptr)[]

@hbox(7.60416+2.43333)x433.62
.@hbox(0.0+0.0)x15.0
.@texttt g
.@texttt a
.@texttt m
.@texttt e
.etc.

l.52: Unicode char @u8:В not defined for Texinfo
l.52: Unicode char @u8:ы not defined for Texinfo
l.52: Unicode char @u8:в not defined for Texinfo
l.52: Unicode char @u8:о not defined for Texinfo
l.52: Unicode char @u8:д not defined for Texinfo
l.52: Unicode char @u8:п not defined for Texinfo
l.52: Unicode char @u8:р not defined for Texinfo
l.52: Unicode char @u8:и not defined for Texinfo
l.52: Unicode char @u8:к not defined for Texinfo
l.52: Unicode char @u8:о not defined for Texinfo
l.52: Unicode char @u8:н not defined for Texinfo
l.52: Unicode char @u8:ц not defined for Texinfo
l.52: Unicode char @u8:е not defined for Texinfo
l.52: Unicode char @u8:и not defined for Texinfo
l.52: Unicode char @u8:г not defined for Texinfo
l.52: Unicode char @u8:р not defined for Texinfo
l.52: Unicode char @u8:ы not defined for Texinfo
l.52: Unicode char @u8:з not defined for Texinfo
l.52: Unicode char @u8:а not defined for Texinfo
l.52: Unicode char @u8:д not defined for Texinfo
l.52: Unicode char @u8:а not defined for Texinfo
l.52: Unicode char @u8:ё not defined for Texinfo
l.52: Unicode char @u8:м not defined for Texinfo
l.52: Unicode char @u8:д not defined for Texinfo
l.52: Unicode char @u8:в not defined for Texinfo
l.52: Unicode char @u8:е not defined for Texinfo
l.52: Unicode char @u8:к not defined for Texinfo
l.52: Unicode char @u8:н not defined for Texinfo
l.52: Unicode char @u8:о not defined for Texinfo
l.52: Unicode char @u8:п not defined for Texinfo
l.52: Unicode char @u8:к not defined for Texinfo
l.52: Unicode char @u8:и not defined for Texinfo
l.52: Unicode char @u8:в not defined for Texinfo
l.52: Unicode char @u8:з not defined for Texinfo
l.52: Unicode char @u8:а not defined for Texinfo
l.52: Unicode char @u8:в not defined for Texinfo
l.52: Unicode char @u8:и not defined for Texinfo
l.52: Unicode char @u8:с not defined for Texinfo
l.52: Unicode char @u8:и not defined for Texinfo
l.52: Unicode char @u8:м not defined for Texinfo
l.52: Unicode char @u8:о not defined for Texinfo
l.52: Unicode char @u8:с not defined for Texinfo
l.52: Unicode char @u8:т not defined for Texinfo
l.52: Unicode char @u8:и not defined for Texinfo
l.52: Unicode char @u8:о not defined for Texinfo
l.52: Unicode char @u8:т not defined for Texinfo
l.52: Unicode char @u8:н not defined for Texinfo
l.52: Unicode char @u8:а not defined for Texinfo
l.52: Unicode char @u8:ж not defined for Texinfo
l.52: Unicode char @u8:а not defined for Texinfo
l.52: Unicode char @u8:т not defined for Texinfo
l.52: Unicode char @u8:и not defined for Texinfo
l.52: Unicode char @u8:я not defined for Texinfo
l.52: Unicode char @u8:л not defined for Texinfo
l.52: Unicode char @u8:и not defined for Texinfo
l.52: Unicode char @u8:б not defined for Texinfo
l.52: Unicode char @u8:о not defined for Texinfo
l.52: Unicode char @u8:з not defined for Texinfo
l.52: Unicode char @u8:а not defined for Texinfo
l.52: Unicode char @u8:п not defined for Texinfo
l.52: Unicode char @u8:у not defined for Texinfo
l.52: Unicode char @u8:с not defined for Texinfo
l.52: Unicode char @u8:к not defined for Texinfo
l.52: Unicode char @u8:а not defined for Texinfo
l.52: Unicode char @u8:е not defined for Texinfo
l.52: Unicode char @u8:м not defined for Texinfo
l.52: Unicode char @u8:и not defined for Texinfo
l.52: Unicode char @u8:г not defined for Texinfo
l.52: Unicode char @u8:р not defined for Texinfo
l.52: Unicode char @u8:ы not defined for Texinfo
l.52: Unicode char @u8:и not defined for Texinfo
l.52: Unicode char @u8:в not defined for Texinfo
l.52: Unicode char @u8:к not defined for Texinfo
l.52: Unicode char @u8:л not defined for Texinfo
l.52: Unicode char @u8:ю not defined for Texinfo
l.52: Unicode char @u8:ч not defined for Texinfo
l.52: Unicode char @u8:а not defined for Texinfo
l.52: Unicode char @u8:е not defined for Texinfo
l.52: Unicode char @u8:м not defined for Texinfo
l.52: Unicode char @u8:т not defined for Texinfo
l.52: Unicode char @u8:а not defined for Texinfo
l.52: Unicode char @u8:й not defined for Texinfo
l.52: Unicode char @u8:м not defined for Texinfo
l.52: Unicode char @u8:е not defined for Texinfo
l.52: Unicode char @u8:р not defined for Texinfo
l.52: Unicode char @u8:л not defined for Texinfo
l.52: Unicode char @u8:и not defined for Texinfo
l.52: Unicode char @u8:б not defined for Texinfo
l.52: Unicode char @u8:о not defined for Texinfo
l.52: Unicode char @u8:в not defined for Texinfo
l.52: Unicode char @u8:ы not defined for Texinfo
l.52: Unicode char @u8:х not defined for Texinfo
l.52: Unicode char @u8:о not defined for Texinfo
l.52: Unicode char @u8:д not defined for Texinfo
l.52: Unicode char @u8:и not defined for Texinfo
l.52: Unicode char @u8:м not defined for Texinfo
l.52: Unicode char @u8:и not defined for Texinfo
l.52: Unicode char @u8:з not defined for Texinfo
l.52: Unicode char @u8:п not defined for Texinfo
l.52: Unicode char @u8:р not defined for Texinfo
l.52: Unicode char @u8:и not defined for Texinfo
l.52: Unicode char @u8:л not defined for Texinfo
l.52: Unicode char @u8:о not defined for Texinfo
l.52: Unicode char @u8:ж not defined for Texinfo
l.52: Unicode char @u8:е not defined for Texinfo
l.52: Unicode char @u8:н not defined for Texinfo
l.52: Unicode char @u8:и not defined for Texinfo
l.52: Unicode char @u8:я not defined for Texinfo
l.54: Unicode char @u8:З not defined for Texinfo
l.54: Unicode char @u8:а not defined for Texinfo
l.54: Unicode char @u8:п not defined for Texinfo
l.54: Unicode char @u8:у not defined for Texinfo
l.54: Unicode char @u8:с not defined for Texinfo
l.54: Unicode char @u8:к not defined for Texinfo
l.54: Unicode char @u8:т not defined for Texinfo
l.54: Unicode char @u8:а not defined for Texinfo
l.54: Unicode char @u8:й not defined for Texinfo
l.54: Unicode char @u8:м not defined for Texinfo
l.54: Unicode char @u8:е not defined for Texinfo
l.54: Unicode char @u8:р not defined for Texinfo
l.54: Unicode char @u8:а not defined for Texinfo
l.56: Unicode char @u8:В not defined for Texinfo
l.56: Unicode char @u8:ы not defined for Texinfo
l.56: Unicode char @u8:в not defined for Texinfo
l.56: Unicode char @u8:о not defined for Texinfo
l.56: Unicode char @u8:д not defined for Texinfo
l.56: Unicode char @u8:д not defined for Texinfo
l.56: Unicode char @u8:о not defined for Texinfo
l.56: Unicode char @u8:п not defined for Texinfo
l.56: Unicode char @u8:о not defined for Texinfo
l.56: Unicode char @u8:л not defined for Texinfo
l.56: Unicode char @u8:н not defined for Texinfo
l.56: Unicode char @u8:и not defined for Texinfo
l.56: Unicode char @u8:т not defined for Texinfo
l.56: Unicode char @u8:е not defined for Texinfo
l.56: Unicode char @u8:л not defined for Texinfo
l.56: Unicode char @u8:ь not defined for Texinfo
l.56: Unicode char @u8:н not defined for Texinfo
l.56: Unicode char @u8:о not defined for Texinfo
l.56: Unicode char @u8:й not defined for Texinfo
l.56: Unicode char @u8:и not defined for Texinfo
l.56: Unicode char @u8:н not defined for Texinfo
l.56: Unicode char @u8:ф not defined for Texinfo
l.56: Unicode char @u8:о not defined for Texinfo
l.56: Unicode char @u8:р not defined for Texinfo
l.56: Unicode char @u8:м not defined for Texinfo
l.56: Unicode char @u8:а not defined for Texinfo
l.56: Unicode char @u8:ц not defined for Texinfo
l.56: Unicode char @u8:и not defined for Texinfo
l.56: Unicode char @u8:и not defined for Texinfo
l.56: Unicode char @u8:с not defined for Texinfo
l.56: Unicode char @u8:п not defined for Texinfo
l.56: Unicode char @u8:р not defined for Texinfo
l.56: Unicode char @u8:а not defined for Texinfo
l.56: Unicode char @u8:в not defined for Texinfo
l.56: Unicode char @u8:а not defined for Texinfo
l.56: Unicode char @u8:о not defined for Texinfo
l.56: Unicode char @u8:т not defined for Texinfo
l.56: Unicode char @u8:и not defined for Texinfo
l.56: Unicode char @u8:г not defined for Texinfo
l.56: Unicode char @u8:р not defined for Texinfo
l.56: Unicode char @u8:о not defined for Texinfo
l.56: Unicode char @u8:в not defined for Texinfo
l.56: Unicode char @u8:о not defined for Texinfo
l.56: Unicode char @u8:г not defined for Texinfo
l.56: Unicode char @u8:о not defined for Texinfo
l.56: Unicode char @u8:п not defined for Texinfo
l.56: Unicode char @u8:о not defined for Texinfo
l.56: Unicode char @u8:л not defined for Texinfo
l.56: Unicode char @u8:я not defined for Texinfo
l.58: Unicode char @u8:В not defined for Texinfo
l.58: Unicode char @u8:ы not defined for Texinfo
l.58: Unicode char @u8:в not defined for Texinfo
l.58: Unicode char @u8:о not defined for Texinfo
l.58: Unicode char @u8:д not defined for Texinfo
l.58: Unicode char @u8:п not defined for Texinfo
l.58: Unicode char @u8:а not defined for Texinfo
l.58: Unicode char @u8:у not defined for Texinfo
l.58: Unicode char @u8:з not defined for Texinfo
l.58: Unicode char @u8:ы not defined for Texinfo
l.61: Unicode char @u8:У not defined for Texinfo
l.61: Unicode char @u8:с not defined for Texinfo
l.61: Unicode char @u8:т not defined for Texinfo
l.61: Unicode char @u8:а not defined for Texinfo
l.61: Unicode char @u8:н not defined for Texinfo
l.61: Unicode char @u8:о not defined for Texinfo
l.61: Unicode char @u8:в not defined for Texinfo
l.61: Unicode char @u8:к not defined for Texinfo
l.61: Unicode char @u8:а not defined for Texinfo
l.61: Unicode char @u8:п not defined for Texinfo
l.61: Unicode char @u8:а not defined for Texinfo
l.61: Unicode char @u8:л not defined for Texinfo
l.61: Unicode char @u8:и not defined for Texinfo
l.61: Unicode char @u8:т not defined for Texinfo
l.61: Unicode char @u8:р not defined for Texinfo
l.61: Unicode char @u8:ы not defined for Texinfo
l.63: Unicode char @u8:В not defined for Texinfo
l.63: Unicode char @u8:ы not defined for Texinfo
l.63: Unicode char @u8:в not defined for Texinfo
l.63: Unicode char @u8:о not defined for Texinfo
l.63: Unicode char @u8:д not defined for Texinfo
l.63: Unicode char @u8:п not defined for Texinfo
l.63: Unicode char @u8:р not defined for Texinfo
l.63: Unicode char @u8:и not defined for Texinfo
l.63: Unicode char @u8:в not defined for Texinfo
l.63: Unicode char @u8:ы not defined for Texinfo
l.63: Unicode char @u8:й not defined for Texinfo
l.63: Unicode char @u8:г not defined for Texinfo
l.63: Unicode char @u8:р not defined for Texinfo
l.63: Unicode char @u8:ы not defined for Texinfo
l.63: Unicode char @u8:ш not defined for Texinfo
l.63: Unicode char @u8:е not defined for Texinfo
l.65: Unicode char @u8:п not defined for Texinfo
l.65: Unicode char @u8:е not defined for Texinfo
l.65: Unicode char @u8:р not defined for Texinfo
l.65: Unicode char @u8:е not defined for Texinfo
l.65: Unicode char @u8:г not defined for Texinfo
l.65: Unicode char @u8:р not defined for Texinfo
l.65: Unicode char @u8:у not defined for Texinfo
l.65: Unicode char @u8:ж not defined for Texinfo
l.65: Unicode char @u8:а not defined for Texinfo
l.65: Unicode char @u8:н not defined for Texinfo
l.65: Unicode char @u8:н not defined for Texinfo
l.65: Unicode char @u8:а not defined for Texinfo
l.65: Unicode char @u8:я not defined for Texinfo
l.65: Unicode char @u8:ф not defined for Texinfo
l.65: Unicode char @u8:у not defined for Texinfo
l.65: Unicode char @u8:н not defined for Texinfo
l.65: Unicode char @u8:к not defined for Texinfo
l.65: Unicode char @u8:ц not defined for Texinfo
l.65: Unicode char @u8:и not defined for Texinfo
l.65: Unicode char @u8:я not defined for Texinfo
l.65: Unicode char @u8:н not defined for Texinfo
l.65: Unicode char @u8:а not defined for Texinfo
l.65: Unicode char @u8:ж not defined for Texinfo
l.65: Unicode char @u8:а not defined for Texinfo
l.65: Unicode char @u8:т not defined for Texinfo
l.65: Unicode char @u8:и not defined for Texinfo
l.65: Unicode char @u8:й not defined for Texinfo
l.65: Unicode char @u8:к not defined for Texinfo
l.65: Unicode char @u8:л not defined for Texinfo
l.65: Unicode char @u8:а not defined for Texinfo
l.65: Unicode char @u8:в not defined for Texinfo
l.65: Unicode char @u8:и not defined for Texinfo
l.65: Unicode char @u8:ш not defined for Texinfo
l.67: Unicode char @u8:п not defined for Texinfo
l.67: Unicode char @u8:е not defined for Texinfo
l.67: Unicode char @u8:р not defined for Texinfo
l.67: Unicode char @u8:е not defined for Texinfo
l.67: Unicode char @u8:г not defined for Texinfo
l.67: Unicode char @u8:р not defined for Texinfo
l.67: Unicode char @u8:у not defined for Texinfo
l.67: Unicode char @u8:ж not defined for Texinfo
l.67: Unicode char @u8:е not defined for Texinfo
l.67: Unicode char @u8:н not defined for Texinfo
l.67: Unicode char @u8:н not defined for Texinfo
l.67: Unicode char @u8:а not defined for Texinfo
l.67: Unicode char @u8:я not defined for Texinfo
l.67: Unicode char @u8:ф not defined for Texinfo
l.67: Unicode char @u8:у not defined for Texinfo
l.67: Unicode char @u8:к not defined for Texinfo
l.67: Unicode char @u8:н not defined for Texinfo
l.67: Unicode char @u8:ц not defined for Texinfo
l.67: Unicode char @u8:и not defined for Texinfo
l.67: Unicode char @u8:я not defined for Texinfo
l.67: Unicode char @u8:о not defined for Texinfo
l.67: Unicode char @u8:т not defined for Texinfo
l.67: Unicode char @u8:р not defined for Texinfo
l.67: Unicode char @u8:и not defined for Texinfo
l.67: Unicode char @u8:с not defined for Texinfo
l.67: Unicode char @u8:о not defined for Texinfo
l.67: Unicode char @u8:в not defined for Texinfo
l.67: Unicode char @u8:к not defined for Texinfo
l.67: Unicode char @u8:и not defined for Texinfo
l.69: Unicode char @u8:С not defined for Texinfo
l.69: Unicode char @u8:л not defined for Texinfo
l.69: Unicode char @u8:о not defined for Texinfo
l.69: Unicode char @u8:т not defined for Texinfo
l.69: Unicode char @u8:к not defined for Texinfo
l.69: Unicode char @u8:о not defined for Texinfo
l.69: Unicode char @u8:т not defined for Texinfo
l.69: Unicode char @u8:о not defined for Texinfo
l.69: Unicode char @u8:р not defined for Texinfo
l.69: Unicode char @u8:ы not defined for Texinfo
l.69: Unicode char @u8:й not defined for Texinfo
l.69: Unicode char @u8:с not defined for Texinfo
l.69: Unicode char @u8:р not defined for Texinfo
l.69: Unicode char @u8:а not defined for Texinfo
l.69: Unicode char @u8:б not defined for Texinfo
l.69: Unicode char @u8:а not defined for Texinfo
l.69: Unicode char @u8:т not defined for Texinfo
l.69: Unicode char @u8:ы not defined for Texinfo
l.69: Unicode char @u8:в not defined for Texinfo
l.69: Unicode char @u8:а not defined for Texinfo
l.69: Unicode char @u8:е not defined for Texinfo
l.69: Unicode char @u8:т not defined for Texinfo
l.69: Unicode char @u8:п not defined for Texinfo
l.69: Unicode char @u8:о not defined for Texinfo
l.69: Unicode char @u8:с not defined for Texinfo
l.69: Unicode char @u8:л not defined for Texinfo
l.69: Unicode char @u8:е not defined for Texinfo
l.69: Unicode char @u8:и not defined for Texinfo
l.69: Unicode char @u8:с not defined for Texinfo
l.69: Unicode char @u8:т not defined for Texinfo
l.69: Unicode char @u8:е not defined for Texinfo
l.69: Unicode char @u8:ч not defined for Texinfo
l.69: Unicode char @u8:е not defined for Texinfo
l.69: Unicode char @u8:н not defined for Texinfo
l.69: Unicode char @u8:и not defined for Texinfo
l.69: Unicode char @u8:я not defined for Texinfo
l.69: Unicode char @u8:т not defined for Texinfo
l.69: Unicode char @u8:а not defined for Texinfo
l.69: Unicode char @u8:й not defined for Texinfo
l.69: Unicode char @u8:м not defined for Texinfo
l.69: Unicode char @u8:е not defined for Texinfo
l.69: Unicode char @u8:р not defined for Texinfo
l.69: Unicode char @u8:а not defined for Texinfo Chapter 2 [1]
l.74: Unicode char @u8:С not defined for Texinfo
l.74: Unicode char @u8:т not defined for Texinfo
l.74: Unicode char @u8:р not defined for Texinfo
l.74: Unicode char @u8:у not defined for Texinfo
l.74: Unicode char @u8:к not defined for Texinfo
l.74: Unicode char @u8:т not defined for Texinfo
l.74: Unicode char @u8:у not defined for Texinfo
l.74: Unicode char @u8:р not defined for Texinfo
l.74: Unicode char @u8:а not defined for Texinfo
l.74: Unicode char @u8:и not defined for Texinfo
l.74: Unicode char @u8:г not defined for Texinfo
l.74: Unicode char @u8:р not defined for Texinfo
l.74: Unicode char @u8:ы not defined for Texinfo
l.74: Unicode char @u8:з not defined for Texinfo
l.74: Unicode char @u8:м not defined for Texinfo
l.74: Unicode char @u8:е not defined for Texinfo
l.74: Unicode char @u8:й not defined for Texinfo
l.74: Unicode char @u8:к not defined for Texinfo
l.74: Unicode char @u8:а not defined for Texinfo
l.76: Unicode char @u8:К not defined for Texinfo
l.76: Unicode char @u8:о not defined for Texinfo
l.76: Unicode char @u8:н not defined for Texinfo
l.76: Unicode char @u8:с not defined for Texinfo
l.76: Unicode char @u8:т not defined for Texinfo
l.76: Unicode char @u8:р not defined for Texinfo
l.76: Unicode char @u8:у not defined for Texinfo
l.76: Unicode char @u8:к not defined for Texinfo
l.76: Unicode char @u8:т not defined for Texinfo
l.76: Unicode char @u8:о not defined for Texinfo
l.76: Unicode char @u8:р not defined for Texinfo
l.76: Unicode char @u8:с not defined for Texinfo
l.76: Unicode char @u8:т not defined for Texinfo
l.76: Unicode char @u8:р not defined for Texinfo
l.76: Unicode char @u8:у not defined for Texinfo
l.76: Unicode char @u8:к not defined for Texinfo
l.76: Unicode char @u8:т not defined for Texinfo
l.76: Unicode char @u8:у not defined for Texinfo
l.76: Unicode char @u8:р not defined for Texinfo
l.76: Unicode char @u8:ы not defined for Texinfo
l.76: Unicode char @u8:х not defined for Texinfo
l.76: Unicode char @u8:р not defined for Texinfo
l.76: Unicode char @u8:а not defined for Texinfo
l.76: Unicode char @u8:н not defined for Texinfo
l.76: Unicode char @u8:и not defined for Texinfo
l.76: Unicode char @u8:т not defined for Texinfo
l.76: Unicode char @u8:н not defined for Texinfo
l.76: Unicode char @u8:а not defined for Texinfo
l.76: Unicode char @u8:п not defined for Texinfo
l.76: Unicode char @u8:р not defined for Texinfo
l.76: Unicode char @u8:а not defined for Texinfo
l.76: Unicode char @u8:в not defined for Texinfo
l.76: Unicode char @u8:л not defined for Texinfo
l.76: Unicode char @u8:е not defined for Texinfo
l.76: Unicode char @u8:н not defined for Texinfo
l.76: Unicode char @u8:и not defined for Texinfo
l.76: Unicode char @u8:е not defined for Texinfo
l.76: Unicode char @u8:т not defined for Texinfo
l.76: Unicode char @u8:е not defined for Texinfo
l.76: Unicode char @u8:л not defined for Texinfo
l.76: Unicode char @u8:о not defined for Texinfo
l.76: Unicode char @u8:в not defined for Texinfo
l.76: Unicode char @u8:в not defined for Texinfo
l.76: Unicode char @u8:и not defined for Texinfo
l.76: Unicode char @u8:д not defined for Texinfo
l.76: Unicode char @u8:е not defined for Texinfo
l.76: Unicode char @u8:в not defined for Texinfo
l.76: Unicode char @u8:е not defined for Texinfo
l.76: Unicode char @u8:к not defined for Texinfo
l.76: Unicode char @u8:т not defined for Texinfo
l.76: Unicode char @u8:о not defined for Texinfo
l.76: Unicode char @u8:р not defined for Texinfo
l.76: Unicode char @u8:а not defined for Texinfo
l.76: Unicode char @u8:я not defined for Texinfo
l.76: Unicode char @u8:б not defined for Texinfo
l.76: Unicode char @u8:л not defined for Texinfo
l.76: Unicode char @u8:о not defined for Texinfo
l.76: Unicode char @u8:к not defined for Texinfo
l.76: Unicode char @u8:о not defined for Texinfo
l.76: Unicode char @u8:и not defined for Texinfo
l.76: Unicode char @u8:п not defined for Texinfo
l.76: Unicode char @u8:о not defined for Texinfo
l.76: Unicode char @u8:л not defined for Texinfo
l.76: Unicode char @u8:е not defined for Texinfo
l.76: Unicode char @u8:в not defined for Texinfo
l.76: Unicode char @u8:к not defined for Texinfo
l.76: Unicode char @u8:о not defined for Texinfo
l.76: Unicode char @u8:т not defined for Texinfo
l.76: Unicode char @u8:о not defined for Texinfo
l.76: Unicode char @u8:р not defined for Texinfo
l.76: Unicode char @u8:о not defined for Texinfo
l.76: Unicode char @u8:е not defined for Texinfo
l.76: Unicode char @u8:б not defined for Texinfo
l.76: Unicode char @u8:у not defined for Texinfo
l.76: Unicode char @u8:д not defined for Texinfo
l.76: Unicode char @u8:е not defined for Texinfo
l.76: Unicode char @u8:м not defined for Texinfo
l.76: Unicode char @u8:в not defined for Texinfo
l.76: Unicode char @u8:н not defined for Texinfo
l.76: Unicode char @u8:о not defined for Texinfo
l.76: Unicode char @u8:с not defined for Texinfo
l.76: Unicode char @u8:и not defined for Texinfo
l.76: Unicode char @u8:т not defined for Texinfo
l.76: Unicode char @u8:ь not defined for Texinfo
l.76: Unicode char @u8:р not defined for Texinfo
l.76: Unicode char @u8:а not defined for Texinfo
l.76: Unicode char @u8:с not defined for Texinfo
l.76: Unicode char @u8:п not defined for Texinfo
l.76: Unicode char @u8:о not defined for Texinfo
l.76: Unicode char @u8:л not defined for Texinfo
l.76: Unicode char @u8:о not defined for Texinfo
l.76: Unicode char @u8:ж not defined for Texinfo
l.76: Unicode char @u8:е not defined for Texinfo
l.76: Unicode char @u8:н not defined for Texinfo
l.76: Unicode char @u8:и not defined for Texinfo
l.76: Unicode char @u8:е not defined for Texinfo
l.76: Unicode char @u8:т not defined for Texinfo
l.76: Unicode char @u8:е not defined for Texinfo
l.76: Unicode char @u8:л not defined for Texinfo
l.76: Unicode char @u8:а not defined for Texinfo
l.76: Unicode char @u8:и not defined for Texinfo
l.76: Unicode char @u8:я not defined for Texinfo
l.76: Unicode char @u8:б not defined for Texinfo
l.76: Unicode char @u8:л not defined for Texinfo
l.76: Unicode char @u8:о not defined for Texinfo
l.76: Unicode char @u8:к not defined for Texinfo
l.76: Unicode char @u8:а not defined for Texinfo
l.78: Unicode char @u8:Д not defined for Texinfo
l.78: Unicode char @u8:е not defined for Texinfo
l.78: Unicode char @u8:с not defined for Texinfo
l.78: Unicode char @u8:т not defined for Texinfo
l.78: Unicode char @u8:р not defined for Texinfo
l.78: Unicode char @u8:у not defined for Texinfo
l.78: Unicode char @u8:к not defined for Texinfo
l.78: Unicode char @u8:т not defined for Texinfo
l.78: Unicode char @u8:о not defined for Texinfo
l.78: Unicode char @u8:р not defined for Texinfo
l.78: Unicode char @u8:о not defined for Texinfo
l.78: Unicode char @u8:с not defined for Texinfo
l.78: Unicode char @u8:в not defined for Texinfo
l.78: Unicode char @u8:о not defined for Texinfo
l.78: Unicode char @u8:б not defined for Texinfo
l.78: Unicode char @u8:о not defined for Texinfo
l.78: Unicode char @u8:ж not defined for Texinfo
l.78: Unicode char @u8:д not defined for Texinfo
l.78: Unicode char @u8:а not defined for Texinfo
l.78: Unicode char @u8:е not defined for Texinfo
l.78: Unicode char @u8:м not defined for Texinfo
l.78: Unicode char @u8:п not defined for Texinfo
l.78: Unicode char @u8:а not defined for Texinfo
l.78: Unicode char @u8:м not defined for Texinfo
l.78: Unicode char @u8:я not defined for Texinfo
l.78: Unicode char @u8:т not defined for Texinfo
l.78: Unicode char @u8:ь not defined for Texinfo
l.78: Unicode char @u8:к not defined for Texinfo
l.78: Unicode char @u8:о not defined for Texinfo
l.78: Unicode char @u8:т not defined for Texinfo
l.78: Unicode char @u8:о not defined for Texinfo
l.78: Unicode char @u8:р not defined for Texinfo
l.78: Unicode char @u8:у not defined for Texinfo
l.78: Unicode char @u8:ю not defined for Texinfo
l.78: Unicode char @u8:б not defined for Texinfo
l.78: Unicode char @u8:р not defined for Texinfo
l.78: Unicode char @u8:а not defined for Texinfo
l.78: Unicode char @u8:л not defined for Texinfo
l.78: Unicode char @u8:и not defined for Texinfo
l.78: Unicode char @u8:и not defined for Texinfo
l.78: Unicode char @u8:з not defined for Texinfo
l.78: Unicode char @u8:а not defined for Texinfo
l.78: Unicode char @u8:п not defined for Texinfo
l.78: Unicode char @u8:и not defined for Texinfo
l.78: Unicode char @u8:с not defined for Texinfo
l.78: Unicode char @u8:ы not defined for Texinfo
l.78: Unicode char @u8:в not defined for Texinfo
l.78: Unicode char @u8:а not defined for Texinfo
l.78: Unicode char @u8:е not defined for Texinfo
l.78: Unicode char @u8:м not defined for Texinfo
l.78: Unicode char @u8:в not defined for Texinfo
l.78: Unicode char @u8:ф not defined for Texinfo
l.78: Unicode char @u8:а not defined for Texinfo
l.78: Unicode char @u8:й not defined for Texinfo
l.78: Unicode char @u8:л not defined for Texinfo
l.80: Unicode char @u8:П not defined for Texinfo
l.80: Unicode char @u8:р not defined for Texinfo
l.80: Unicode char @u8:о not defined for Texinfo
l.80: Unicode char @u8:в not defined for Texinfo
l.80: Unicode char @u8:е not defined for Texinfo
l.80: Unicode char @u8:р not defined for Texinfo
l.80: Unicode char @u8:я not defined for Texinfo
l.80: Unicode char @u8:е not defined for Texinfo
l.80: Unicode char @u8:м not defined for Texinfo
l.80: Unicode char @u8:н not defined for Texinfo
l.80: Unicode char @u8:а not defined for Texinfo
l.80: Unicode char @u8:с not defined for Texinfo
l.80: Unicode char @u8:т not defined for Texinfo
l.80: Unicode char @u8:о not defined for Texinfo
l.80: Unicode char @u8:л not defined for Texinfo
l.80: Unicode char @u8:к not defined for Texinfo
l.80: Unicode char @u8:н not defined for Texinfo
l.80: Unicode char @u8:о not defined for Texinfo
l.80: Unicode char @u8:в not defined for Texinfo
l.80: Unicode char @u8:е not defined for Texinfo
l.80: Unicode char @u8:н not defined for Texinfo
l.80: Unicode char @u8:и not defined for Texinfo
l.80: Unicode char @u8:е not defined for Texinfo
l.80: Unicode char @u8:т not defined for Texinfo
l.80: Unicode char @u8:е not defined for Texinfo
l.80: Unicode char @u8:л not defined for Texinfo
l.80: Unicode char @u8:а not defined for Texinfo
l.80: Unicode char @u8:с not defined for Texinfo
l.80: Unicode char @u8:я not defined for Texinfo
l.80: Unicode char @u8:б not defined for Texinfo
l.80: Unicode char @u8:л not defined for Texinfo
l.80: Unicode char @u8:о not defined for Texinfo
l.80: Unicode char @u8:к not defined for Texinfo
l.80: Unicode char @u8:о not defined for Texinfo
l.80: Unicode char @u8:м not defined for Texinfo
l.80: Unicode char @u8:и not defined for Texinfo
l.80: Unicode char @u8:л not defined for Texinfo
l.80: Unicode char @u8:и not defined for Texinfo
l.80: Unicode char @u8:г not defined for Texinfo
l.80: Unicode char @u8:р not defined for Texinfo
l.80: Unicode char @u8:а not defined for Texinfo
l.80: Unicode char @u8:н not defined for Texinfo
l.80: Unicode char @u8:и not defined for Texinfo
l.80: Unicode char @u8:ц not defined for Texinfo
l.80: Unicode char @u8:а not defined for Texinfo
l.80: Unicode char @u8:м not defined for Texinfo
l.80: Unicode char @u8:и not defined for Texinfo
l.80: Unicode char @u8:в not defined for Texinfo
l.80: Unicode char @u8:з not defined for Texinfo
l.80: Unicode char @u8:а not defined for Texinfo
l.80: Unicode char @u8:в not defined for Texinfo
l.80: Unicode char @u8:и not defined for Texinfo
l.80: Unicode char @u8:с not defined for Texinfo
l.80: Unicode char @u8:и not defined for Texinfo
l.80: Unicode char @u8:м not defined for Texinfo
l.80: Unicode char @u8:о not defined for Texinfo
l.80: Unicode char @u8:с not defined for Texinfo
l.80: Unicode char @u8:т not defined for Texinfo
l.80: Unicode char @u8:и not defined for Texinfo
l.80: Unicode char @u8:о not defined for Texinfo
l.80: Unicode char @u8:т not defined for Texinfo
l.80: Unicode char @u8:э not defined for Texinfo
l.80: Unicode char @u8:т not defined for Texinfo
l.80: Unicode char @u8:о not defined for Texinfo
l.80: Unicode char @u8:г not defined for Texinfo
l.80: Unicode char @u8:о not defined for Texinfo
l.80: Unicode char @u8:и not defined for Texinfo
l.80: Unicode char @u8:з not defined for Texinfo
l.80: Unicode char @u8:м not defined for Texinfo
l.80: Unicode char @u8:е not defined for Texinfo
l.80: Unicode char @u8:н not defined for Texinfo
l.80: Unicode char @u8:я not defined for Texinfo
l.80: Unicode char @u8:е not defined for Texinfo
l.80: Unicode char @u8:м not defined for Texinfo
l.80: Unicode char @u8:д not defined for Texinfo
l.80: Unicode char @u8:а not defined for Texinfo
l.80: Unicode char @u8:н not defined for Texinfo
l.80: Unicode char @u8:н not defined for Texinfo
l.80: Unicode char @u8:ы not defined for Texinfo
l.80: Unicode char @u8:е not defined for Texinfo
l.82: Unicode char @u8:О not defined for Texinfo
l.82: Unicode char @u8:ч not defined for Texinfo
l.82: Unicode char @u8:и not defined for Texinfo
l.82: Unicode char @u8:с not defined for Texinfo
l.82: Unicode char @u8:т not defined for Texinfo
l.82: Unicode char @u8:к not defined for Texinfo
l.82: Unicode char @u8:а not defined for Texinfo
l.82: Unicode char @u8:п not defined for Texinfo
l.82: Unicode char @u8:о not defined for Texinfo
l.82: Unicode char @u8:л not defined for Texinfo
l.82: Unicode char @u8:я not defined for Texinfo
l.84: Unicode char @u8:С not defined for Texinfo
l.84: Unicode char @u8:о not defined for Texinfo
l.84: Unicode char @u8:з not defined for Texinfo
l.84: Unicode char @u8:д not defined for Texinfo
l.84: Unicode char @u8:а not defined for Texinfo
l.84: Unicode char @u8:н not defined for Texinfo
l.84: Unicode char @u8:и not defined for Texinfo
l.84: Unicode char @u8:е not defined for Texinfo
l.84: Unicode char @u8:я not defined for Texinfo
l.84: Unicode char @u8:б not defined for Texinfo
l.84: Unicode char @u8:л not defined for Texinfo
l.84: Unicode char @u8:о not defined for Texinfo
l.84: Unicode char @u8:к not defined for Texinfo
l.84: Unicode char @u8:а not defined for Texinfo
l.84: Unicode char @u8:в not defined for Texinfo
l.84: Unicode char @u8:р not defined for Texinfo
l.84: Unicode char @u8:а not defined for Texinfo
l.84: Unicode char @u8:н not defined for Texinfo
l.84: Unicode char @u8:д not defined for Texinfo
l.84: Unicode char @u8:о not defined for Texinfo
l.84: Unicode char @u8:м not defined for Texinfo
l.84: Unicode char @u8:н not defined for Texinfo
l.84: Unicode char @u8:о not defined for Texinfo
l.84: Unicode char @u8:м not defined for Texinfo
l.84: Unicode char @u8:м not defined for Texinfo
l.84: Unicode char @u8:е not defined for Texinfo
l.84: Unicode char @u8:с not defined for Texinfo
l.84: Unicode char @u8:т not defined for Texinfo
l.84: Unicode char @u8:о not defined for Texinfo
l.84: Unicode char @u8:п not defined for Texinfo
l.84: Unicode char @u8:о not defined for Texinfo
l.84: Unicode char @u8:л not defined for Texinfo
l.84: Unicode char @u8:о not defined for Texinfo
l.84: Unicode char @u8:ж not defined for Texinfo
l.84: Unicode char @u8:е not defined for Texinfo
l.84: Unicode char @u8:н not defined for Texinfo
l.84: Unicode char @u8:и not defined for Texinfo
l.84: Unicode char @u8:и not defined for Texinfo
l.84: Unicode char @u8:п not defined for Texinfo
l.84: Unicode char @u8:р not defined for Texinfo
l.84: Unicode char @u8:о not defined for Texinfo
l.84: Unicode char @u8:в not defined for Texinfo
l.84: Unicode char @u8:е not defined for Texinfo
l.84: Unicode char @u8:р not defined for Texinfo
l.84: Unicode char @u8:я not defined for Texinfo
l.84: Unicode char @u8:е not defined for Texinfo
l.84: Unicode char @u8:м not defined for Texinfo
l.84: Unicode char @u8:ч not defined for Texinfo
l.84: Unicode char @u8:т not defined for Texinfo
l.84: Unicode char @u8:о not defined for Texinfo
l.84: Unicode char @u8:б not defined for Texinfo
l.84: Unicode char @u8:ы not defined for Texinfo
l.84: Unicode char @u8:я not defined for Texinfo
l.84: Unicode char @u8:б not defined for Texinfo
l.84: Unicode char @u8:л not defined for Texinfo
l.84: Unicode char @u8:о not defined for Texinfo
l.84: Unicode char @u8:к not defined for Texinfo
l.84: Unicode char @u8:о not defined for Texinfo
l.84: Unicode char @u8:б not defined for Texinfo
l.84: Unicode char @u8:ы not defined for Texinfo
l.84: Unicode char @u8:л not defined for Texinfo
l.84: Unicode char @u8:о not defined for Texinfo
l.84: Unicode char @u8:н not defined for Texinfo
l.84: Unicode char @u8:е not defined for Texinfo
l.84: Unicode char @u8:в not defined for Texinfo
l.84: Unicode char @u8:т not defined for Texinfo
l.84: Unicode char @u8:е not defined for Texinfo
l.84: Unicode char @u8:л not defined for Texinfo
l.84: Unicode char @u8:е not defined for Texinfo
l.84: Unicode char @u8:з not defined for Texinfo
l.84: Unicode char @u8:м not defined for Texinfo
l.84: Unicode char @u8:е not defined for Texinfo
l.84: Unicode char @u8:й not defined for Texinfo
l.84: Unicode char @u8:к not defined for Texinfo
l.84: Unicode char @u8:и not defined for Texinfo
l.86: Unicode char @u8:П not defined for Texinfo
l.86: Unicode char @u8:р not defined for Texinfo
l.86: Unicode char @u8:о not defined for Texinfo
l.86: Unicode char @u8:в not defined for Texinfo
l.86: Unicode char @u8:е not defined for Texinfo
l.86: Unicode char @u8:р not defined for Texinfo
l.86: Unicode char @u8:к not defined for Texinfo
l.86: Unicode char @u8:а not defined for Texinfo
l.86: Unicode char @u8:я not defined for Texinfo
l.86: Unicode char @u8:б not defined for Texinfo
l.86: Unicode char @u8:л not defined for Texinfo
l.86: Unicode char @u8:о not defined for Texinfo
l.86: Unicode char @u8:к not defined for Texinfo
l.86: Unicode char @u8:а not defined for Texinfo
l.86: Unicode char @u8:н not defined for Texinfo
l.86: Unicode char @u8:а not defined for Texinfo
l.86: Unicode char @u8:т not defined for Texinfo
l.86: Unicode char @u8:о not defined for Texinfo
l.86: Unicode char @u8:ч not defined for Texinfo
l.86: Unicode char @u8:т not defined for Texinfo
l.86: Unicode char @u8:о not defined for Texinfo
l.86: Unicode char @u8:о not defined for Texinfo
l.86: Unicode char @u8:н not defined for Texinfo
l.86: Unicode char @u8:о not defined for Texinfo
l.86: Unicode char @u8:в not defined for Texinfo
l.86: Unicode char @u8:т not defined for Texinfo
l.86: Unicode char @u8:е not defined for Texinfo
l.86: Unicode char @u8:л not defined for Texinfo
l.86: Unicode char @u8:е not defined for Texinfo
l.86: Unicode char @u8:в not defined for Texinfo
l.86: Unicode char @u8:о not defined for Texinfo
l.86: Unicode char @u8:з not defined for Texinfo
l.86: Unicode char @u8:в not defined for Texinfo
l.86: Unicode char @u8:р not defined for Texinfo
l.86: Unicode char @u8:а not defined for Texinfo
l.86: Unicode char @u8:щ not defined for Texinfo
l.86: Unicode char @u8:а not defined for Texinfo
l.86: Unicode char @u8:е not defined for Texinfo
l.86: Unicode char @u8:т not defined for Texinfo
l.88: Unicode char @u8:П not defined for Texinfo
l.88: Unicode char @u8:р not defined for Texinfo
l.88: Unicode char @u8:о not defined for Texinfo
l.88: Unicode char @u8:в not defined for Texinfo
l.88: Unicode char @u8:е not defined for Texinfo
l.88: Unicode char @u8:р not defined for Texinfo
l.88: Unicode char @u8:к not defined for Texinfo
l.88: Unicode char @u8:а not defined for Texinfo
l.88: Unicode char @u8:в not defined for Texinfo
l.88: Unicode char @u8:т not defined for Texinfo
l.88: Unicode char @u8:е not defined for Texinfo
l.88: Unicode char @u8:л not defined for Texinfo
l.88: Unicode char @u8:е not defined for Texinfo
l.88: Unicode char @u8:г not defined for Texinfo
l.88: Unicode char @u8:о not defined for Texinfo
l.88: Unicode char @u8:л not defined for Texinfo
l.88: Unicode char @u8:о not defined for Texinfo
l.88: Unicode char @u8:в not defined for Texinfo
l.88: Unicode char @u8:а not defined for Texinfo
l.88: Unicode char @u8:и not defined for Texinfo
l.88: Unicode char @u8:л not defined for Texinfo
l.88: Unicode char @u8:и not defined for Texinfo
l.88: Unicode char @u8:н not defined for Texinfo
l.88: Unicode char @u8:е not defined for Texinfo
l.88: Unicode char @u8:т not defined for Texinfo
l.88: Unicode char @u8:в not defined for Texinfo
l.88: Unicode char @u8:о not defined for Texinfo
l.88: Unicode char @u8:з not defined for Texinfo
l.88: Unicode char @u8:в not defined for Texinfo
l.88: Unicode char @u8:р not defined for Texinfo
l.88: Unicode char @u8:а not defined for Texinfo
l.88: Unicode char @u8:щ not defined for Texinfo
l.88: Unicode char @u8:а not defined for Texinfo
l.88: Unicode char @u8:е not defined for Texinfo
l.88: Unicode char @u8:т not defined for Texinfo
l.90: Unicode char @u8:С not defined for Texinfo
l.90: Unicode char @u8:о not defined for Texinfo
l.90: Unicode char @u8:з not defined for Texinfo
l.90: Unicode char @u8:д not defined for Texinfo
l.90: Unicode char @u8:а not defined for Texinfo
l.90: Unicode char @u8:н not defined for Texinfo
l.90: Unicode char @u8:и not defined for Texinfo
l.90: Unicode char @u8:е not defined for Texinfo
l.90: Unicode char @u8:с not defined for Texinfo
l.90: Unicode char @u8:т not defined for Texinfo
l.90: Unicode char @u8:а not defined for Texinfo
l.90: Unicode char @u8:т not defined for Texinfo
l.90: Unicode char @u8:и not defined for Texinfo
l.90: Unicode char @u8:ч not defined for Texinfo
l.90: Unicode char @u8:е not defined for Texinfo
l.90: Unicode char @u8:с not defined for Texinfo
l.90: Unicode char @u8:к not defined for Texinfo
l.90: Unicode char @u8:о not defined for Texinfo
l.90: Unicode char @u8:й not defined for Texinfo
l.90: Unicode char @u8:с not defined for Texinfo
l.90: Unicode char @u8:т not defined for Texinfo
l.90: Unicode char @u8:р not defined for Texinfo
l.90: Unicode char @u8:у not defined for Texinfo
l.90: Unicode char @u8:к not defined for Texinfo
l.90: Unicode char @u8:т not defined for Texinfo
l.90: Unicode char @u8:у not defined for Texinfo
l.90: Unicode char @u8:р not defined for Texinfo
l.90: Unicode char @u8:ы not defined for Texinfo
l.90: Unicode char @u8:в not defined for Texinfo
l.90: Unicode char @u8:о not defined for Texinfo
l.90: Unicode char @u8:з not defined for Texinfo
l.90: Unicode char @u8:в not defined for Texinfo
l.90: Unicode char @u8:р not defined for Texinfo
l.90: Unicode char @u8:а not defined for Texinfo
l.90: Unicode char @u8:щ not defined for Texinfo
l.90: Unicode char @u8:а not defined for Texinfo
l.90: Unicode char @u8:е not defined for Texinfo
l.90: Unicode char @u8:т not defined for Texinfo
l.90: Unicode char @u8:у not defined for Texinfo
l.90: Unicode char @u8:к not defined for Texinfo
l.90: Unicode char @u8:а not defined for Texinfo
l.90: Unicode char @u8:з not defined for Texinfo
l.90: Unicode char @u8:а not defined for Texinfo
l.90: Unicode char @u8:т not defined for Texinfo
l.90: Unicode char @u8:е not defined for Texinfo
l.90: Unicode char @u8:л not defined for Texinfo
l.90: Unicode char @u8:ь not defined for Texinfo
l.90: Unicode char @u8:н not defined for Texinfo
l.90: Unicode char @u8:а not defined for Texinfo
l.90: Unicode char @u8:э not defined for Texinfo
l.90: Unicode char @u8:т not defined for Texinfo
l.90: Unicode char @u8:у not defined for Texinfo
l.90: Unicode char @u8:с not defined for Texinfo
l.90: Unicode char @u8:т not defined for Texinfo
l.90: Unicode char @u8:р not defined for Texinfo
l.90: Unicode char @u8:у not defined for Texinfo
l.90: Unicode char @u8:к not defined for Texinfo
l.90: Unicode char @u8:т not defined for Texinfo
l.90: Unicode char @u8:у not defined for Texinfo
l.90: Unicode char @u8:р not defined for Texinfo
l.90: Unicode char @u8:у not defined for Texinfo
l.92: Unicode char @u8:О not defined for Texinfo
l.92: Unicode char @u8:б not defined for Texinfo
l.92: Unicode char @u8:р not defined for Texinfo
l.92: Unicode char @u8:а not defined for Texinfo
l.92: Unicode char @u8:б not defined for Texinfo
l.92: Unicode char @u8:о not defined for Texinfo
l.92: Unicode char @u8:т not defined for Texinfo
l.92: Unicode char @u8:к not defined for Texinfo
l.92: Unicode char @u8:а not defined for Texinfo
l.92: Unicode char @u8:в not defined for Texinfo
l.92: Unicode char @u8:в not defined for Texinfo
l.92: Unicode char @u8:о not defined for Texinfo
l.92: Unicode char @u8:д not defined for Texinfo
l.92: Unicode char @u8:а not defined for Texinfo
l.92: Unicode char @u8:п not defined for Texinfo
l.92: Unicode char @u8:о not defined for Texinfo
l.92: Unicode char @u8:л not defined for Texinfo
l.92: Unicode char @u8:ь not defined for Texinfo
l.92: Unicode char @u8:з not defined for Texinfo
l.92: Unicode char @u8:о not defined for Texinfo
l.92: Unicode char @u8:в not defined for Texinfo
l.92: Unicode char @u8:а not defined for Texinfo
l.92: Unicode char @u8:т not defined for Texinfo
l.92: Unicode char @u8:е not defined for Texinfo
l.92: Unicode char @u8:л not defined for Texinfo
l.92: Unicode char @u8:я not defined for Texinfo
l.94: Unicode char @u8:и not defined for Texinfo
l.94: Unicode char @u8:з not defined for Texinfo
l.94: Unicode char @u8:м not defined for Texinfo
l.94: Unicode char @u8:е not defined for Texinfo
l.94: Unicode char @u8:н not defined for Texinfo
l.94: Unicode char @u8:е not defined for Texinfo
l.94: Unicode char @u8:н not defined for Texinfo
l.94: Unicode char @u8:и not defined for Texinfo
l.94: Unicode char @u8:я not defined for Texinfo
l.94: Unicode char @u8:с not defined for Texinfo
l.94: Unicode char @u8:о not defined for Texinfo
l.94: Unicode char @u8:с not defined for Texinfo
l.94: Unicode char @u8:т not defined for Texinfo
l.94: Unicode char @u8:о not defined for Texinfo
l.94: Unicode char @u8:я not defined for Texinfo
l.94: Unicode char @u8:н not defined for Texinfo
l.94: Unicode char @u8:и not defined for Texinfo
l.94: Unicode char @u8:я not defined for Texinfo
l.94: Unicode char @u8:п not defined for Texinfo
l.94: Unicode char @u8:о not defined for Texinfo
l.94: Unicode char @u8:л not defined for Texinfo
l.94: Unicode char @u8:я not defined for Texinfo
l.94: Unicode char @u8:п not defined for Texinfo
l.94: Unicode char @u8:о not defined for Texinfo
l.94: Unicode char @u8:и not defined for Texinfo
l.94: Unicode char @u8:с not defined for Texinfo
l.94: Unicode char @u8:т not defined for Texinfo
l.94: Unicode char @u8:е not defined for Texinfo
l.94: Unicode char @u8:ч not defined for Texinfo
l.94: Unicode char @u8:е not defined for Texinfo
l.94: Unicode char @u8:н not defined for Texinfo
l.94: Unicode char @u8:и not defined for Texinfo
l.94: Unicode char @u8:ю not defined for Texinfo
l.94: Unicode char @u8:т not defined for Texinfo
l.94: Unicode char @u8:а not defined for Texinfo
l.94: Unicode char @u8:й not defined for Texinfo
l.94: Unicode char @u8:м not defined for Texinfo
l.94: Unicode char @u8:е not defined for Texinfo
l.94: Unicode char @u8:р not defined for Texinfo
l.94: Unicode char @u8:а not defined for Texinfo
l.94: Unicode char @u8:в not defined for Texinfo
l.94: Unicode char @u8:о not defined for Texinfo
l.94: Unicode char @u8:з not defined for Texinfo
l.94: Unicode char @u8:в not defined for Texinfo
l.94: Unicode char @u8:р not defined for Texinfo
l.94: Unicode char @u8:а not defined for Texinfo
l.94: Unicode char @u8:щ not defined for Texinfo
l.94: Unicode char @u8:а not defined for Texinfo
l.94: Unicode char @u8:е not defined for Texinfo
l.94: Unicode char @u8:т not defined for Texinfo
l.94: Unicode char @u8:с not defined for Texinfo
l.94: Unicode char @u8:т not defined for Texinfo
l.94: Unicode char @u8:р not defined for Texinfo
l.94: Unicode char @u8:у not defined for Texinfo
l.94: Unicode char @u8:к not defined for Texinfo
l.94: Unicode char @u8:т not defined for Texinfo
l.94: Unicode char @u8:у not defined for Texinfo
l.94: Unicode char @u8:р not defined for Texinfo
l.94: Unicode char @u8:у not defined for Texinfo
l.94: Unicode char @u8:с not defined for Texinfo
l.94: Unicode char @u8:д not defined for Texinfo
l.94: Unicode char @u8:а not defined for Texinfo
l.94: Unicode char @u8:н not defined for Texinfo
l.94: Unicode char @u8:н not defined for Texinfo
l.94: Unicode char @u8:ы not defined for Texinfo
l.94: Unicode char @u8:м not defined for Texinfo
l.94: Unicode char @u8:и not defined for Texinfo
l.96: Unicode char @u8:п not defined for Texinfo
l.96: Unicode char @u8:о not defined for Texinfo
l.96: Unicode char @u8:л not defined for Texinfo
l.96: Unicode char @u8:у not defined for Texinfo
l.96: Unicode char @u8:ч not defined for Texinfo
l.96: Unicode char @u8:е not defined for Texinfo
l.96: Unicode char @u8:н not defined for Texinfo
l.96: Unicode char @u8:и not defined for Texinfo
l.96: Unicode char @u8:е not defined for Texinfo
l.96: Unicode char @u8:п not defined for Texinfo
l.96: Unicode char @u8:о not defined for Texinfo
l.96: Unicode char @u8:л not defined for Texinfo
l.96: Unicode char @u8:я not defined for Texinfo
l.96: Unicode char @u8:и not defined for Texinfo
l.96: Unicode char @u8:н not defined for Texinfo
l.96: Unicode char @u8:т not defined for Texinfo
l.96: Unicode char @u8:е not defined for Texinfo
l.96: Unicode char @u8:р not defined for Texinfo
l.96: Unicode char @u8:ф not defined for Texinfo
l.96: Unicode char @u8:е not defined for Texinfo
l.96: Unicode char @u8:й not defined for Texinfo
l.96: Unicode char @u8:с not defined for Texinfo
l.96: Unicode char @u8:о not defined for Texinfo
l.96: Unicode char @u8:м not defined for Texinfo
l.96: Unicode char @u8:п not defined for Texinfo
l.96: Unicode char @u8:о not defined for Texinfo
l.96: Unicode char @u8:с not defined for Texinfo
l.96: Unicode char @u8:л not defined for Texinfo
l.96: Unicode char @u8:е not defined for Texinfo
l.96: Unicode char @u8:и not defined for Texinfo
l.96: Unicode char @u8:з not defined for Texinfo
l.96: Unicode char @u8:м not defined for Texinfo
l.96: Unicode char @u8:е not defined for Texinfo
l.96: Unicode char @u8:н not defined for Texinfo
l.96: Unicode char @u8:е not defined for Texinfo
l.96: Unicode char @u8:н not defined for Texinfo
l.96: Unicode char @u8:и not defined for Texinfo
l.96: Unicode char @u8:я not defined for Texinfo
l.96: Unicode char @u8:п not defined for Texinfo
l.96: Unicode char @u8:о not defined for Texinfo
l.96: Unicode char @u8:л not defined for Texinfo
l.96: Unicode char @u8:ь not defined for Texinfo
l.96: Unicode char @u8:з not defined for Texinfo
l.96: Unicode char @u8:о not defined for Texinfo
l.96: Unicode char @u8:в not defined for Texinfo
l.96: Unicode char @u8:а not defined for Texinfo
l.96: Unicode char @u8:т not defined for Texinfo
l.96: Unicode char @u8:е not defined for Texinfo
l.96: Unicode char @u8:л not defined for Texinfo
l.96: Unicode char @u8:е not defined for Texinfo
l.96: Unicode char @u8:м not defined for Texinfo
l.98: Unicode char @u8:Р not defined for Texinfo
l.98: Unicode char @u8:е not defined for Texinfo
l.98: Unicode char @u8:с not defined for Texinfo
l.98: Unicode char @u8:т not defined for Texinfo
l.98: Unicode char @u8:а not defined for Texinfo
l.98: Unicode char @u8:р not defined for Texinfo
l.98: Unicode char @u8:т not defined for Texinfo
l.98: Unicode char @u8:и not defined for Texinfo
l.98: Unicode char @u8:г not defined for Texinfo
l.98: Unicode char @u8:р not defined for Texinfo
l.98: Unicode char @u8:ы not defined for Texinfo
l.100: Unicode char @u8:О not defined for Texinfo
l.100: Unicode char @u8:б not defined for Texinfo
l.100: Unicode char @u8:р not defined for Texinfo
l.100: Unicode char @u8:а not defined for Texinfo
l.100: Unicode char @u8:б not defined for Texinfo
l.100: Unicode char @u8:о not defined for Texinfo
l.100: Unicode char @u8:т not defined for Texinfo
l.100: Unicode char @u8:к not defined for Texinfo
l.100: Unicode char @u8:а not defined for Texinfo
l.100: Unicode char @u8:н not defined for Texinfo
l.100: Unicode char @u8:а not defined for Texinfo
l.100: Unicode char @u8:ж not defined for Texinfo
l.100: Unicode char @u8:а not defined for Texinfo
l.100: Unicode char @u8:т not defined for Texinfo
l.100: Unicode char @u8:и not defined for Texinfo
l.100: Unicode char @u8:е not defined for Texinfo
l.100: Unicode char @u8:к not defined for Texinfo
l.100: Unicode char @u8:л not defined for Texinfo
l.100: Unicode char @u8:а not defined for Texinfo
l.100: Unicode char @u8:в not defined for Texinfo
l.100: Unicode char @u8:и not defined for Texinfo
l.100: Unicode char @u8:ш not defined for Texinfo
l.100: Unicode char @u8:и not defined for Texinfo
l.100: Unicode char @u8:в not defined for Texinfo
l.100: Unicode char @u8:л not defined for Texinfo
l.100: Unicode char @u8:е not defined for Texinfo
l.100: Unicode char @u8:в not defined for Texinfo
l.100: Unicode char @u8:о not defined for Texinfo
l.100: Unicode char @u8:в not defined for Texinfo
l.100: Unicode char @u8:о not defined for Texinfo
l.100: Unicode char @u8:з not defined for Texinfo
l.100: Unicode char @u8:в not defined for Texinfo
l.100: Unicode char @u8:р not defined for Texinfo
l.100: Unicode char @u8:а not defined for Texinfo
l.100: Unicode char @u8:щ not defined for Texinfo
l.100: Unicode char @u8:а not defined for Texinfo
l.100: Unicode char @u8:е not defined for Texinfo
l.100: Unicode char @u8:т not defined for Texinfo
l.100: Unicode char @u8:н not defined for Texinfo
l.100: Unicode char @u8:а not defined for Texinfo
l.100: Unicode char @u8:п not defined for Texinfo
l.100: Unicode char @u8:р not defined for Texinfo
l.100: Unicode char @u8:а not defined for Texinfo
l.100: Unicode char @u8:в not defined for Texinfo
l.100: Unicode char @u8:л not defined for Texinfo
l.100: Unicode char @u8:е not defined for Texinfo
l.100: Unicode char @u8:н not defined for Texinfo
l.100: Unicode char @u8:и not defined for Texinfo
l.100: Unicode char @u8:е not defined for Texinfo
l.102: Unicode char @u8:О not defined for Texinfo
l.102: Unicode char @u8:б not defined for Texinfo
l.102: Unicode char @u8:р not defined for Texinfo
l.102: Unicode char @u8:а not defined for Texinfo
l.102: Unicode char @u8:б not defined for Texinfo
l.102: Unicode char @u8:о not defined for Texinfo
l.102: Unicode char @u8:т not defined for Texinfo
l.102: Unicode char @u8:к not defined for Texinfo
l.102: Unicode char @u8:а not defined for Texinfo
l.102: Unicode char @u8:н not defined for Texinfo
l.102: Unicode char @u8:а not defined for Texinfo
l.102: Unicode char @u8:ж not defined for Texinfo
l.102: Unicode char @u8:а not defined for Texinfo
l.102: Unicode char @u8:т not defined for Texinfo
l.102: Unicode char @u8:и not defined for Texinfo
l.102: Unicode char @u8:е not defined for Texinfo
l.102: Unicode char @u8:к not defined for Texinfo
l.102: Unicode char @u8:л not defined for Texinfo
l.102: Unicode char @u8:а not defined for Texinfo
l.102: Unicode char @u8:в not defined for Texinfo
l.102: Unicode char @u8:и not defined for Texinfo
l.102: Unicode char @u8:ш not defined for Texinfo
l.102: Unicode char @u8:и not defined for Texinfo
l.102: Unicode char @u8:в not defined for Texinfo
l.102: Unicode char @u8:п not defined for Texinfo
l.102: Unicode char @u8:р not defined for Texinfo
l.102: Unicode char @u8:а not defined for Texinfo
l.102: Unicode char @u8:в not defined for Texinfo
l.102: Unicode char @u8:о not defined for Texinfo
l.102: Unicode char @u8:в not defined for Texinfo
l.102: Unicode char @u8:о not defined for Texinfo
l.102: Unicode char @u8:з not defined for Texinfo
l.102: Unicode char @u8:в not defined for Texinfo
l.102: Unicode char @u8:р not defined for Texinfo
l.102: Unicode char @u8:а not defined for Texinfo
l.102: Unicode char @u8:щ not defined for Texinfo
l.102: Unicode char @u8:а not defined for Texinfo
l.102: Unicode char @u8:е not defined for Texinfo
l.102: Unicode char @u8:т not defined for Texinfo
l.102: Unicode char @u8:н not defined for Texinfo
l.102: Unicode char @u8:а not defined for Texinfo
l.102: Unicode char @u8:п not defined for Texinfo
l.102: Unicode char @u8:р not defined for Texinfo
l.102: Unicode char @u8:а not defined for Texinfo
l.102: Unicode char @u8:в not defined for Texinfo
l.102: Unicode char @u8:л not defined for Texinfo
l.102: Unicode char @u8:е not defined for Texinfo
l.102: Unicode char @u8:н not defined for Texinfo
l.102: Unicode char @u8:и not defined for Texinfo
l.102: Unicode char @u8:е not defined for Texinfo
l.104: Unicode char @u8:С not defined for Texinfo
l.104: Unicode char @u8:м not defined for Texinfo
l.104: Unicode char @u8:е not defined for Texinfo
l.104: Unicode char @u8:н not defined for Texinfo
l.104: Unicode char @u8:а not defined for Texinfo
l.104: Unicode char @u8:у not defined for Texinfo
l.104: Unicode char @u8:р not defined for Texinfo
l.104: Unicode char @u8:о not defined for Texinfo
l.104: Unicode char @u8:в not defined for Texinfo
l.104: Unicode char @u8:н not defined for Texinfo
l.104: Unicode char @u8:я not defined for Texinfo
l.104: Unicode char @u8:е not defined for Texinfo
l.104: Unicode char @u8:с not defined for Texinfo
l.104: Unicode char @u8:л not defined for Texinfo
l.104: Unicode char @u8:и not defined for Texinfo
l.104: Unicode char @u8:о not defined for Texinfo
l.104: Unicode char @u8:н not defined for Texinfo
l.104: Unicode char @u8:м not defined for Texinfo
l.104: Unicode char @u8:е not defined for Texinfo
l.104: Unicode char @u8:н not defined for Texinfo
l.104: Unicode char @u8:ь not defined for Texinfo
l.104: Unicode char @u8:ш not defined for Texinfo
l.104: Unicode char @u8:е not defined for Texinfo [2] ) 
Here is how much of TeX's memory you used:
 3025 strings out of 497094
 28752 string characters out of 6206922
 62457 words of memory out of 5000000
 4222 multiletter control sequences out of 15000+600000
 34203 words of font info for 119 fonts, out of 8000000 for 9000
 51 hyphenation exceptions out of 8191
 14i,4n,16p,421b,379s stack positions out of 5000i,500n,10000p,200000b,80000s

Output written on manual.dvi (4 pages, 3404 bytes).
